#
# A fatal error has been detected by the Java Runtime Environment:
#
#  SIGSEGV (0xb) at pc=0x00000001046a3804, pid=36789, tid=0x000000000000a303
#
# JRE version: OpenJDK Runtime Environment (8.0_322) (build 1.8.0_322-bre_2022_02_28_15_01-b00)
# Java VM: OpenJDK 64-Bit Server VM (25.322-b00 mixed mode bsd-amd64 compressed oops)
# Problematic frame:
# V  [libjvm.dylib+0x549804]
#
# Failed to write core dump. Core dumps have been disabled. To enable core dumping, try "ulimit -c unlimited" before starting Java again
#
# If you would like to submit a bug report, please visit:
#   https://github.com/Homebrew/homebrew-core/issues
#

---------------  T H R E A D  ---------------

Current thread (0x00007f821d0ec000):  JavaThread "vert.x-eventloop-thread-1" [_thread_in_vm, id=41731, stack(0x0000700009e1e000,0x0000700009f1e000)]

siginfo: si_signo: 11 (SIGSEGV), si_code: 1 (SEGV_MAPERR), si_addr: 0x0000000000000000

Registers:
RAX=0x0000000104839f90, RBX=0x00007f821d0ec000, RCX=0x00007f82239fd00d, RDX=0x0000000000000000
RSP=0x0000700009f1b7f0, RBP=0x0000700009f1b820, RSI=0x0000000000000006, RDI=0x0000700009f1b7f0
R8 =0x0000000000000070, R9 =0x0000000000000001, R10=0x00000001050e53db, R11=0x00000001046235e3
R12=0x0000000000000000, R13=0x000000011514b078, R14=0x0000000000000070, R15=0x00007f82239fd00d
RIP=0x00000001046a3804, EFLAGS=0x0000000000010246, ERR=0x0000000000000004
  TRAPNO=0x000000000000000e

Top of Stack: (sp=0x0000700009f1b7f0)
0x0000700009f1b7f0:   00007f821d0ec000 00007f821d0ec000
0x0000700009f1b800:   000000011514b078 0000000000000000
0x0000700009f1b810:   0000700009f1b8d8 00007f821d0ec000
0x0000700009f1b820:   0000700009f1b898 00000001050e5407
0x0000700009f1b830:   0000700009f1b830 000000011767e90d
0x0000700009f1b840:   0000700009f1b890 00000001176823e0
0x0000700009f1b850:   0000000000000000 0000700009f1b858
0x0000700009f1b860:   0000000000000000 0000700009f1b8d8
0x0000700009f1b870:   000000011517ae68 0000000000000000
0x0000700009f1b880:   000000011514b078 0000000000000000
0x0000700009f1b890:   0000700009f1b8b8 0000700009f1b920
0x0000700009f1b8a0:   00000001050d4ffd 0000000000000000
0x0000700009f1b8b0:   00000001050dea58 0000000000000070
0x0000700009f1b8c0:   00007f82239fd00d 0000000000000000
0x0000700009f1b8d0:   0000000000000000 00000007a0005148
0x0000700009f1b8e0:   0000700009f1b8e0 000000011767f7c6
0x0000700009f1b8f0:   0000700009f1b948 00000001176823e0
0x0000700009f1b900:   0000000000000000 000000011767f7f8
0x0000700009f1b910:   0000700009f1b8b8 0000700009f1b930
0x0000700009f1b920:   0000700009f1b990 00000001050d4ffd
0x0000700009f1b930:   0000000000000070 00007f82239fd00d
0x0000700009f1b940:   0000700009f1b9b8 0000000000000000
0x0000700009f1b950:   0000700009f1b950 000000011762cd43
0x0000700009f1b960:   0000700009f1b9b8 0000000117667428
0x0000700009f1b970:   0000000000000000 000000011762cd78
0x0000700009f1b980:   0000700009f1b930 0000700009f1b9a0
0x0000700009f1b990:   0000700009f1ba00 00000001050d4ffd
0x0000700009f1b9a0:   0000000000000070 00007f82239fd00d
0x0000700009f1b9b0:   0000000000000000 0000000000000000
0x0000700009f1b9c0:   0000700009f1b9c0 0000000117b13b01
0x0000700009f1b9d0:   0000700009f1ba80 0000000117b184b0
0x0000700009f1b9e0:   0000000000000000 0000000117b13d28 

Instructions: (pc=0x00000001046a3804)
0x00000001046a37e4:   7c fe ff 31 db 48 8d 7d d0 48 89 1f be 06 00 00
0x00000001046a37f4:   00 e8 ca f4 de ff 48 89 5d d8 41 f6 c4 01 75 06
0x00000001046a3804:   49 8b 04 24 eb 08 4c 89 e7 e8 b6 de dd ff 46 88
0x00000001046a3814:   34 38 48 8d 7d d8 e8 55 96 bd ff 48 8d 7d d0 be 

Register to memory mapping:

RAX=0x0000000104839f90: _ZN20SafepointSynchronize6_stateE+0 in /usr/local/Cellar/openjdk@8/1.8.0+322/libexec/openjdk.jdk/Contents/Home/jre/lib/server/libjvm.dylib at 0x000000010415a000
RBX=0x00007f821d0ec000 is a thread
RCX=0x00007f82239fd00d is an unknown value
RDX=0x0000000000000000 is an unknown value
RSP=0x0000700009f1b7f0 is pointing into the stack for thread: 0x00007f821d0ec000
RBP=0x0000700009f1b820 is pointing into the stack for thread: 0x00007f821d0ec000
RSI=0x0000000000000006 is an unknown value
RDI=0x0000700009f1b7f0 is pointing into the stack for thread: 0x00007f821d0ec000
R8 =0x0000000000000070 is an unknown value
R9 =0x0000000000000001 is an unknown value
R10=0x00000001050e53db is at code_begin+859 in an Interpreter codelet
method entry point (kind = native)  [0x00000001050e5080, 0x00000001050e5a00]  2432 bytes
R11=0x00000001046235e3: throw_unsatisfied_link_error+0 in /usr/local/Cellar/openjdk@8/1.8.0+322/libexec/openjdk.jdk/Contents/Home/jre/lib/server/libjvm.dylib at 0x000000010415a000
R12=0x0000000000000000 is an unknown value
R13={method} {0x000000011514b078} 'putByte' '(Ljava/lang/Object;JB)V' in 'sun/misc/Unsafe'
R14=0x0000000000000070 is an unknown value
R15=0x00007f82239fd00d is an unknown value


Stack: [0x0000700009e1e000,0x0000700009f1e000],  sp=0x0000700009f1b7f0,  free space=1013k
Native frames: (J=compiled Java code, j=interpreted, Vv=VM code, C=native code)
V  [libjvm.dylib+0x549804]
j  sun.misc.Unsafe.putByte(Ljava/lang/Object;JB)V+0
j  io.netty.util.internal.PlatformDependent0.putByte(Ljava/lang/Object;JB)V+6
j  io.netty.util.internal.PlatformDependent.putByte(Ljava/lang/Object;JB)V+3
j  io.netty.buffer.ByteBufUtil.unsafeWriteUtf8([BJILjava/lang/CharSequence;II)I+73
j  io.netty.buffer.ByteBufUtil.writeUtf8(Lio/netty/buffer/AbstractByteBuf;IILjava/lang/CharSequence;II)I+79
j  io.netty.buffer.ByteBufUtil.writeUtf8(Lio/netty/buffer/AbstractByteBuf;IILjava/lang/CharSequence;I)I+7
j  io.netty.buffer.AbstractByteBuf.setCharSequence0(ILjava/lang/CharSequence;Ljava/nio/charset/Charset;Z)I+55
j  io.netty.buffer.AbstractByteBuf.writeCharSequence(Ljava/lang/CharSequence;Ljava/nio/charset/Charset;)I+8
j  io.vertx.pgclient.impl.util.Util.writeCStringUTF8(Lio/netty/buffer/ByteBuf;Ljava/lang/String;)V+5
j  io.vertx.pgclient.impl.codec.PgEncoder.writeStartupMessage(Lio/vertx/pgclient/impl/codec/StartupMessage;)V+57
j  io.vertx.pgclient.impl.codec.InitCommandCodec.encode(Lio/vertx/pgclient/impl/codec/PgEncoder;)V+43
j  io.vertx.pgclient.impl.codec.PgEncoder.write(Lio/vertx/sqlclient/impl/command/CommandBase;)V+45
j  io.vertx.pgclient.impl.codec.PgEncoder.write(Lio/netty/channel/ChannelHandlerContext;Ljava/lang/Object;Lio/netty/channel/ChannelPromise;)V+16
j  io.netty.channel.CombinedChannelDuplexHandler.write(Lio/netty/channel/ChannelHandlerContext;Ljava/lang/Object;Lio/netty/channel/ChannelPromise;)V+45
j  io.netty.channel.AbstractChannelHandlerContext.invokeWrite0(Ljava/lang/Object;Lio/netty/channel/ChannelPromise;)V+10
j  io.netty.channel.AbstractChannelHandlerContext.invokeWrite(Ljava/lang/Object;Lio/netty/channel/ChannelPromise;)V+10
j  io.netty.channel.AbstractChannelHandlerContext.write(Ljava/lang/Object;ZLio/netty/channel/ChannelPromise;)V+101
j  io.netty.channel.AbstractChannelHandlerContext.write(Ljava/lang/Object;Lio/netty/channel/ChannelPromise;)Lio/netty/channel/ChannelFuture;+4
j  io.vertx.sqlclient.impl.SocketConnectionBase.checkPending()V+278
j  io.vertx.sqlclient.impl.SocketConnectionBase.doSchedule(Lio/vertx/sqlclient/impl/command/CommandBase;Lio/vertx/core/Handler;)V+103
j  io.vertx.pgclient.impl.PgSocketConnection.doSchedule(Lio/vertx/sqlclient/impl/command/CommandBase;Lio/vertx/core/Handler;)V+55
j  io.vertx.sqlclient.impl.SocketConnectionBase.lambda$schedule$3(Lio/vertx/sqlclient/impl/command/CommandBase;Lio/vertx/core/Promise;Ljava/lang/Void;)V+3
j  io.vertx.sqlclient.impl.SocketConnectionBase$$Lambda$449.handle(Ljava/lang/Object;)V+16
j  io.vertx.core.impl.EventLoopContext.emit(Lio/vertx/core/impl/AbstractContext;Ljava/lang/Object;Lio/vertx/core/Handler;)V+24
j  io.vertx.core.impl.ContextImpl.emit(Ljava/lang/Object;Lio/vertx/core/Handler;)V+4
j  io.vertx.core.impl.EventLoopContext.emit(Ljava/lang/Object;Lio/vertx/core/Handler;)V+3
j  io.vertx.core.impl.AbstractContext.emit(Lio/vertx/core/Handler;)V+3
j  io.vertx.core.impl.EventLoopContext.emit(Lio/vertx/core/Handler;)V+2
j  io.vertx.sqlclient.impl.SocketConnectionBase.schedule(Lio/vertx/core/impl/ContextInternal;Lio/vertx/sqlclient/impl/command/CommandBase;)Lio/vertx/core/Future;+19
j  io.vertx.pgclient.impl.PgSocketConnection.sendStartupMessage(Ljava/lang/String;Ljava/lang/String;Ljava/lang/String;Ljava/util/Map;Lio/vertx/core/Promise;)V+22
j  io.vertx.pgclient.impl.PgConnectionFactory.lambda$null$0(Lio/vertx/pgclient/impl/PgSocketConnection;Ljava/lang/String;Ljava/lang/String;Ljava/lang/String;Lio/vertx/core/Promise;)V+11
j  io.vertx.pgclient.impl.PgConnectionFactory$$Lambda$448.handle(Ljava/lang/Object;)V+24
j  io.vertx.core.Future.future(Lio/vertx/core/Handler;)Lio/vertx/core/Future;+6
j  io.vertx.pgclient.impl.PgConnectionFactory.lambda$doConnectInternal$1(Ljava/lang/String;Ljava/lang/String;Ljava/lang/String;Lio/vertx/sqlclient/impl/Connection;)Lio/vertx/core/Future;+23
j  io.vertx.pgclient.impl.PgConnectionFactory$$Lambda$441.apply(Ljava/lang/Object;)Ljava/lang/Object;+20
j  io.vertx.core.impl.future.Composition.onSuccess(Ljava/lang/Object;)V+5
j  io.vertx.core.impl.future.FutureBase.emitSuccess(Ljava/lang/Object;Lio/vertx/core/impl/future/Listener;)V+41
j  io.vertx.core.impl.future.FutureImpl.tryComplete(Ljava/lang/Object;)Z+59
j  io.vertx.core.impl.future.Mapping.onSuccess(Ljava/lang/Object;)V+24
j  io.vertx.core.impl.future.FutureBase.emitSuccess(Ljava/lang/Object;Lio/vertx/core/impl/future/Listener;)V+41
j  io.vertx.core.impl.future.FutureImpl.tryComplete(Ljava/lang/Object;)Z+59
j  io.vertx.core.impl.future.PromiseImpl.tryComplete(Ljava/lang/Object;)Z+2
j  io.vertx.core.Promise.complete(Ljava/lang/Object;)V+2
j  io.vertx.core.net.impl.NetClientImpl.lambda$connected$7(ZLio/vertx/core/Promise;Lio/vertx/core/net/impl/NetSocketImpl;)V+38
j  io.vertx.core.net.impl.NetClientImpl$$Lambda$357.handle(Ljava/lang/Object;)V+16
j  io.vertx.core.net.impl.VertxHandler.setConnection(Lio/vertx/core/net/impl/ConnectionBase;)V+17
j  io.vertx.core.net.impl.VertxHandler.handlerAdded(Lio/netty/channel/ChannelHandlerContext;)V+14
j  io.netty.channel.AbstractChannelHandlerContext.callHandlerAdded()V+12
j  io.netty.channel.DefaultChannelPipeline.callHandlerAdded0(Lio/netty/channel/AbstractChannelHandlerContext;)V+1
j  io.netty.channel.DefaultChannelPipeline.addLast(Lio/netty/util/concurrent/EventExecutorGroup;Ljava/lang/String;Lio/netty/channel/ChannelHandler;)Lio/netty/channel/ChannelPipeline;+100
j  io.netty.channel.DefaultChannelPipeline.addLast(Ljava/lang/String;Lio/netty/channel/ChannelHandler;)Lio/netty/channel/ChannelPipeline;+4
j  io.vertx.core.net.impl.NetClientImpl.connected(Lio/vertx/core/impl/ContextInternal;Lio/netty/channel/Channel;Lio/vertx/core/Promise;Lio/vertx/core/net/SocketAddress;Ljava/lang/String;Z)V+78
j  io.vertx.core.net.impl.NetClientImpl.lambda$connectInternal$1(Lio/vertx/core/impl/ContextInternal;Lio/vertx/core/Promise;Lio/vertx/core/net/SocketAddress;Lio/vertx/core/net/impl/ChannelProvider;ZLio/netty/channel/Channel;)V+13
j  io.vertx.core.net.impl.NetClientImpl$$Lambda$351.handle(Ljava/lang/Object;)V+28
j  io.vertx.core.impl.AbstractContext.dispatch(Ljava/lang/Object;Lio/vertx/core/Handler;)V+7
j  io.vertx.core.net.impl.ChannelProvider.connected(Lio/vertx/core/Handler;Lio/netty/channel/Channel;ZLio/netty/util/concurrent/Promise;)V+14
j  io.vertx.core.net.impl.ChannelProvider.lambda$handleConnect$0(Lio/vertx/core/Handler;Lio/netty/channel/ChannelFuture;ZLio/netty/util/concurrent/Promise;Lio/netty/util/concurrent/Future;)V+21
j  io.vertx.core.net.impl.ChannelProvider$$Lambda$354.operationComplete(Lio/netty/util/concurrent/Future;)V+21
j  io.netty.util.concurrent.DefaultPromise.notifyListener0(Lio/netty/util/concurrent/Future;Lio/netty/util/concurrent/GenericFutureListener;)V+2
j  io.netty.util.concurrent.DefaultPromise.notifyListeners0(Lio/netty/util/concurrent/DefaultFutureListeners;)V+24
j  io.netty.util.concurrent.DefaultPromise.notifyListenersNow()V+58
j  io.netty.util.concurrent.DefaultPromise.notifyListeners()V+38
j  io.netty.util.concurrent.DefaultPromise.setValue0(Ljava/lang/Object;)Z+34
j  io.netty.util.concurrent.DefaultPromise.setSuccess0(Ljava/lang/Object;)Z+12
j  io.netty.util.concurrent.DefaultPromise.trySuccess(Ljava/lang/Object;)Z+2
j  io.netty.channel.DefaultChannelPromise.trySuccess()Z+2
j  io.netty.channel.nio.AbstractNioChannel$AbstractNioUnsafe.fulfillConnectPromise(Lio/netty/channel/ChannelPromise;Z)V+14
j  io.netty.channel.nio.AbstractNioChannel$AbstractNioUnsafe.finishConnect()V+51
j  io.netty.channel.nio.NioEventLoop.processSelectedKey(Ljava/nio/channels/SelectionKey;Lio/netty/channel/nio/AbstractNioChannel;)V+78
j  io.netty.channel.nio.NioEventLoop.processSelectedKeysOptimized()V+51
j  io.netty.channel.nio.NioEventLoop.processSelectedKeys()V+8
j  io.netty.channel.nio.NioEventLoop.run()V+263
j  io.netty.util.concurrent.SingleThreadEventExecutor$4.run()V+44
j  io.netty.util.internal.ThreadExecutorMap$2.run()V+11
j  io.netty.util.concurrent.FastThreadLocalRunnable.run()V+4
j  java.lang.Thread.run()V+11
v  ~StubRoutines::call_stub
V  [libjvm.dylib+0x2c5076]
V  [libjvm.dylib+0x2c3e14]
V  [libjvm.dylib+0x2c406b]
V  [libjvm.dylib+0x333d38]
V  [libjvm.dylib+0x531997]
V  [libjvm.dylib+0x531855]
V  [libjvm.dylib+0x46905e]
C  [libsystem_pthread.dylib+0x64e1]  _pthread_start+0x7d
C  [libsystem_pthread.dylib+0x1f6b]  thread_start+0xf
C  0x0000000000000000

Java frames: (J=compiled Java code, j=interpreted, Vv=VM code)
j  sun.misc.Unsafe.putByte(Ljava/lang/Object;JB)V+0
j  io.netty.util.internal.PlatformDependent0.putByte(Ljava/lang/Object;JB)V+6
j  io.netty.util.internal.PlatformDependent.putByte(Ljava/lang/Object;JB)V+3
j  io.netty.buffer.ByteBufUtil.unsafeWriteUtf8([BJILjava/lang/CharSequence;II)I+73
j  io.netty.buffer.ByteBufUtil.writeUtf8(Lio/netty/buffer/AbstractByteBuf;IILjava/lang/CharSequence;II)I+79
j  io.netty.buffer.ByteBufUtil.writeUtf8(Lio/netty/buffer/AbstractByteBuf;IILjava/lang/CharSequence;I)I+7
j  io.netty.buffer.AbstractByteBuf.setCharSequence0(ILjava/lang/CharSequence;Ljava/nio/charset/Charset;Z)I+55
j  io.netty.buffer.AbstractByteBuf.writeCharSequence(Ljava/lang/CharSequence;Ljava/nio/charset/Charset;)I+8
j  io.vertx.pgclient.impl.util.Util.writeCStringUTF8(Lio/netty/buffer/ByteBuf;Ljava/lang/String;)V+5
j  io.vertx.pgclient.impl.codec.PgEncoder.writeStartupMessage(Lio/vertx/pgclient/impl/codec/StartupMessage;)V+57
j  io.vertx.pgclient.impl.codec.InitCommandCodec.encode(Lio/vertx/pgclient/impl/codec/PgEncoder;)V+43
j  io.vertx.pgclient.impl.codec.PgEncoder.write(Lio/vertx/sqlclient/impl/command/CommandBase;)V+45
j  io.vertx.pgclient.impl.codec.PgEncoder.write(Lio/netty/channel/ChannelHandlerContext;Ljava/lang/Object;Lio/netty/channel/ChannelPromise;)V+16
j  io.netty.channel.CombinedChannelDuplexHandler.write(Lio/netty/channel/ChannelHandlerContext;Ljava/lang/Object;Lio/netty/channel/ChannelPromise;)V+45
j  io.netty.channel.AbstractChannelHandlerContext.invokeWrite0(Ljava/lang/Object;Lio/netty/channel/ChannelPromise;)V+10
j  io.netty.channel.AbstractChannelHandlerContext.invokeWrite(Ljava/lang/Object;Lio/netty/channel/ChannelPromise;)V+10
j  io.netty.channel.AbstractChannelHandlerContext.write(Ljava/lang/Object;ZLio/netty/channel/ChannelPromise;)V+101
j  io.netty.channel.AbstractChannelHandlerContext.write(Ljava/lang/Object;Lio/netty/channel/ChannelPromise;)Lio/netty/channel/ChannelFuture;+4
j  io.vertx.sqlclient.impl.SocketConnectionBase.checkPending()V+278
j  io.vertx.sqlclient.impl.SocketConnectionBase.doSchedule(Lio/vertx/sqlclient/impl/command/CommandBase;Lio/vertx/core/Handler;)V+103
j  io.vertx.pgclient.impl.PgSocketConnection.doSchedule(Lio/vertx/sqlclient/impl/command/CommandBase;Lio/vertx/core/Handler;)V+55
j  io.vertx.sqlclient.impl.SocketConnectionBase.lambda$schedule$3(Lio/vertx/sqlclient/impl/command/CommandBase;Lio/vertx/core/Promise;Ljava/lang/Void;)V+3
j  io.vertx.sqlclient.impl.SocketConnectionBase$$Lambda$449.handle(Ljava/lang/Object;)V+16
j  io.vertx.core.impl.EventLoopContext.emit(Lio/vertx/core/impl/AbstractContext;Ljava/lang/Object;Lio/vertx/core/Handler;)V+24
j  io.vertx.core.impl.ContextImpl.emit(Ljava/lang/Object;Lio/vertx/core/Handler;)V+4
j  io.vertx.core.impl.EventLoopContext.emit(Ljava/lang/Object;Lio/vertx/core/Handler;)V+3
j  io.vertx.core.impl.AbstractContext.emit(Lio/vertx/core/Handler;)V+3
j  io.vertx.core.impl.EventLoopContext.emit(Lio/vertx/core/Handler;)V+2
j  io.vertx.sqlclient.impl.SocketConnectionBase.schedule(Lio/vertx/core/impl/ContextInternal;Lio/vertx/sqlclient/impl/command/CommandBase;)Lio/vertx/core/Future;+19
j  io.vertx.pgclient.impl.PgSocketConnection.sendStartupMessage(Ljava/lang/String;Ljava/lang/String;Ljava/lang/String;Ljava/util/Map;Lio/vertx/core/Promise;)V+22
j  io.vertx.pgclient.impl.PgConnectionFactory.lambda$null$0(Lio/vertx/pgclient/impl/PgSocketConnection;Ljava/lang/String;Ljava/lang/String;Ljava/lang/String;Lio/vertx/core/Promise;)V+11
j  io.vertx.pgclient.impl.PgConnectionFactory$$Lambda$448.handle(Ljava/lang/Object;)V+24
j  io.vertx.core.Future.future(Lio/vertx/core/Handler;)Lio/vertx/core/Future;+6
j  io.vertx.pgclient.impl.PgConnectionFactory.lambda$doConnectInternal$1(Ljava/lang/String;Ljava/lang/String;Ljava/lang/String;Lio/vertx/sqlclient/impl/Connection;)Lio/vertx/core/Future;+23
j  io.vertx.pgclient.impl.PgConnectionFactory$$Lambda$441.apply(Ljava/lang/Object;)Ljava/lang/Object;+20
j  io.vertx.core.impl.future.Composition.onSuccess(Ljava/lang/Object;)V+5
j  io.vertx.core.impl.future.FutureBase.emitSuccess(Ljava/lang/Object;Lio/vertx/core/impl/future/Listener;)V+41
j  io.vertx.core.impl.future.FutureImpl.tryComplete(Ljava/lang/Object;)Z+59
j  io.vertx.core.impl.future.Mapping.onSuccess(Ljava/lang/Object;)V+24
j  io.vertx.core.impl.future.FutureBase.emitSuccess(Ljava/lang/Object;Lio/vertx/core/impl/future/Listener;)V+41
j  io.vertx.core.impl.future.FutureImpl.tryComplete(Ljava/lang/Object;)Z+59
j  io.vertx.core.impl.future.PromiseImpl.tryComplete(Ljava/lang/Object;)Z+2
j  io.vertx.core.Promise.complete(Ljava/lang/Object;)V+2
j  io.vertx.core.net.impl.NetClientImpl.lambda$connected$7(ZLio/vertx/core/Promise;Lio/vertx/core/net/impl/NetSocketImpl;)V+38
j  io.vertx.core.net.impl.NetClientImpl$$Lambda$357.handle(Ljava/lang/Object;)V+16
j  io.vertx.core.net.impl.VertxHandler.setConnection(Lio/vertx/core/net/impl/ConnectionBase;)V+17
j  io.vertx.core.net.impl.VertxHandler.handlerAdded(Lio/netty/channel/ChannelHandlerContext;)V+14
j  io.netty.channel.AbstractChannelHandlerContext.callHandlerAdded()V+12
j  io.netty.channel.DefaultChannelPipeline.callHandlerAdded0(Lio/netty/channel/AbstractChannelHandlerContext;)V+1
j  io.netty.channel.DefaultChannelPipeline.addLast(Lio/netty/util/concurrent/EventExecutorGroup;Ljava/lang/String;Lio/netty/channel/ChannelHandler;)Lio/netty/channel/ChannelPipeline;+100
j  io.netty.channel.DefaultChannelPipeline.addLast(Ljava/lang/String;Lio/netty/channel/ChannelHandler;)Lio/netty/channel/ChannelPipeline;+4
j  io.vertx.core.net.impl.NetClientImpl.connected(Lio/vertx/core/impl/ContextInternal;Lio/netty/channel/Channel;Lio/vertx/core/Promise;Lio/vertx/core/net/SocketAddress;Ljava/lang/String;Z)V+78
j  io.vertx.core.net.impl.NetClientImpl.lambda$connectInternal$1(Lio/vertx/core/impl/ContextInternal;Lio/vertx/core/Promise;Lio/vertx/core/net/SocketAddress;Lio/vertx/core/net/impl/ChannelProvider;ZLio/netty/channel/Channel;)V+13
j  io.vertx.core.net.impl.NetClientImpl$$Lambda$351.handle(Ljava/lang/Object;)V+28
j  io.vertx.core.impl.AbstractContext.dispatch(Ljava/lang/Object;Lio/vertx/core/Handler;)V+7
j  io.vertx.core.net.impl.ChannelProvider.connected(Lio/vertx/core/Handler;Lio/netty/channel/Channel;ZLio/netty/util/concurrent/Promise;)V+14
j  io.vertx.core.net.impl.ChannelProvider.lambda$handleConnect$0(Lio/vertx/core/Handler;Lio/netty/channel/ChannelFuture;ZLio/netty/util/concurrent/Promise;Lio/netty/util/concurrent/Future;)V+21
j  io.vertx.core.net.impl.ChannelProvider$$Lambda$354.operationComplete(Lio/netty/util/concurrent/Future;)V+21
j  io.netty.util.concurrent.DefaultPromise.notifyListener0(Lio/netty/util/concurrent/Future;Lio/netty/util/concurrent/GenericFutureListener;)V+2
j  io.netty.util.concurrent.DefaultPromise.notifyListeners0(Lio/netty/util/concurrent/DefaultFutureListeners;)V+24
j  io.netty.util.concurrent.DefaultPromise.notifyListenersNow()V+58
j  io.netty.util.concurrent.DefaultPromise.notifyListeners()V+38
j  io.netty.util.concurrent.DefaultPromise.setValue0(Ljava/lang/Object;)Z+34
j  io.netty.util.concurrent.DefaultPromise.setSuccess0(Ljava/lang/Object;)Z+12
j  io.netty.util.concurrent.DefaultPromise.trySuccess(Ljava/lang/Object;)Z+2
j  io.netty.channel.DefaultChannelPromise.trySuccess()Z+2
j  io.netty.channel.nio.AbstractNioChannel$AbstractNioUnsafe.fulfillConnectPromise(Lio/netty/channel/ChannelPromise;Z)V+14
j  io.netty.channel.nio.AbstractNioChannel$AbstractNioUnsafe.finishConnect()V+51
j  io.netty.channel.nio.NioEventLoop.processSelectedKey(Ljava/nio/channels/SelectionKey;Lio/netty/channel/nio/AbstractNioChannel;)V+78
j  io.netty.channel.nio.NioEventLoop.processSelectedKeysOptimized()V+51
j  io.netty.channel.nio.NioEventLoop.processSelectedKeys()V+8
j  io.netty.channel.nio.NioEventLoop.run()V+263
j  io.netty.util.concurrent.SingleThreadEventExecutor$4.run()V+44
j  io.netty.util.internal.ThreadExecutorMap$2.run()V+11
j  io.netty.util.concurrent.FastThreadLocalRunnable.run()V+4
j  java.lang.Thread.run()V+11
v  ~StubRoutines::call_stub

---------------  P R O C E S S  ---------------

Java Threads: ( => current thread )
  0x00007f821fa9b000 JavaThread "vert.x-eventloop-thread-2" [_thread_in_native, id=41475, stack(0x0000700009f21000,0x000070000a021000)]
=>0x00007f821d0ec000 JavaThread "vert.x-eventloop-thread-1" [_thread_in_vm, id=41731, stack(0x0000700009e1e000,0x0000700009f1e000)]
  0x00007f821dbae000 JavaThread "vert.x-acceptor-thread-0" [_thread_in_native, id=41987, stack(0x0000700009d1b000,0x0000700009e1b000)]
  0x00007f821fa64800 JavaThread "vert.x-eventloop-thread-0" [_thread_in_native, id=42499, stack(0x0000700009c18000,0x0000700009d18000)]
  0x00007f821f37d000 JavaThread "vertx-blocked-thread-checker" daemon [_thread_blocked, id=42755, stack(0x0000700009b15000,0x0000700009c15000)]
  0x00007f821ea42000 JavaThread "/127.0.0.1:50238 to /127.0.0.1:50231 workers Thread 3" [_thread_in_native, id=22531, stack(0x0000700009a12000,0x0000700009b12000)]
  0x00007f821e9e9800 JavaThread "/127.0.0.1:50238 to /127.0.0.1:50231 workers Thread 2" [_thread_blocked, id=22275, stack(0x000070000990f000,0x0000700009a0f000)]
  0x00007f821d9c5800 JavaThread "Test worker" [_thread_blocked, id=43267, stack(0x000070000980c000,0x000070000990c000)]
  0x00007f821f014800 JavaThread "Service Thread" daemon [_thread_blocked, id=17667, stack(0x0000700009606000,0x0000700009706000)]
  0x00007f822280b000 JavaThread "C1 CompilerThread3" daemon [_thread_blocked, id=17923, stack(0x0000700009503000,0x0000700009603000)]
  0x00007f821f830000 JavaThread "C2 CompilerThread2" daemon [_thread_in_native, id=18179, stack(0x0000700009400000,0x0000700009500000)]
  0x00007f821d847000 JavaThread "C2 CompilerThread1" daemon [_thread_blocked, id=16387, stack(0x00007000092fd000,0x00007000093fd000)]
  0x00007f821f82f000 JavaThread "C2 CompilerThread0" daemon [_thread_blocked, id=16131, stack(0x00007000091fa000,0x00007000092fa000)]
  0x00007f821f020800 JavaThread "Signal Dispatcher" daemon [_thread_blocked, id=18947, stack(0x00007000090f7000,0x00007000091f7000)]
  0x00007f822280a800 JavaThread "Finalizer" daemon [_thread_blocked, id=13315, stack(0x0000700008eee000,0x0000700008fee000)]
  0x00007f821f814800 JavaThread "Reference Handler" daemon [_thread_blocked, id=12803, stack(0x0000700008deb000,0x0000700008eeb000)]
  0x00007f821f809000 JavaThread "main" [_thread_blocked, id=5891, stack(0x00007000083cd000,0x00007000084cd000)]

Other Threads:
  0x00007f821d00e800 VMThread [stack: 0x0000700008ce8000,0x0000700008de8000] [id=19971]
  0x00007f821f029000 WatcherThread [stack: 0x0000700009709000,0x0000700009809000] [id=17155]

VM state:not at safepoint (normal execution)

VM Mutex/Monitor currently owned by a thread: None

heap address: 0x00000007a0000000, size: 512 MB, Compressed Oops mode: Zero based, Oop shift amount: 3
Narrow klass base: 0x0000000000000000, Narrow klass shift: 3
Compressed class space size: 1073741824 Address: 0x00000007c0000000

Heap:
 PSYoungGen      total 76288K, used 18582K [0x00000007b5580000, 0x00000007bea80000, 0x00000007c0000000)
  eden space 65536K, 28% used [0x00000007b5580000,0x00000007b67a5968,0x00000007b9580000)
  from space 10752K, 0% used [0x00000007ba000000,0x00000007ba000000,0x00000007baa80000)
  to   space 10752K, 0% used [0x00000007b9580000,0x00000007b9580000,0x00000007ba000000)
 ParOldGen       total 107520K, used 7466K [0x00000007a0000000, 0x00000007a6900000, 0x00000007b5580000)
  object space 107520K, 6% used [0x00000007a0000000,0x00000007a074ab98,0x00000007a6900000)
 Metaspace       used 22655K, capacity 24222K, committed 24320K, reserved 1071104K
  class space    used 2955K, capacity 3283K, committed 3328K, reserved 1048576K

Card table byte_map: [0x0000000103c97000,0x0000000103d98000] byte_map_base: 0x00000000fff97000

Marking Bits: (ParMarkBitMap*) 0x0000000104839a38
 Begin Bits: [0x00000001140cd000, 0x00000001148cd000)
 End Bits:   [0x00000001148cd000, 0x00000001150cd000)

Polling page: 0x0000000103813000

CodeCache: size=245760Kb used=5086Kb max_used=5103Kb free=240673Kb
 bounds [0x00000001050cd000, 0x00000001055cd000, 0x00000001140cd000]
 total_blobs=1932 nmethods=1458 adapters=387
 compilation: enabled

Compilation events (10 events):
Event: 1.431 Thread 0x00007f822280b000 1453       3       jdk.internal.org.objectweb.asm.Frame::set (65 bytes)
Event: 1.432 Thread 0x00007f822280b000 nmethod 1453 0x00000001055c1850 code [0x00000001055c19e0, 0x00000001055c1ec8]
Event: 1.432 Thread 0x00007f822280b000 1456       3       java.lang.invoke.LambdaForm$Name::useCount (42 bytes)
Event: 1.432 Thread 0x00007f822280b000 nmethod 1456 0x00000001055c2090 code [0x00000001055c2220, 0x00000001055c2530]
Event: 1.432 Thread 0x00007f821f82f000 nmethod 1449 0x00000001055c57d0 code [0x00000001055c5980, 0x00000001055c5ea8]
Event: 1.445 Thread 0x00007f822280b000 1457       3       io.netty.channel.ChannelHandlerMask::isSkippable (20 bytes)
Event: 1.446 Thread 0x00007f822280b000 nmethod 1457 0x00000001055c5050 code [0x00000001055c51e0, 0x00000001055c5628]
Event: 1.446 Thread 0x00007f822280b000 1458       3       io.netty.channel.ChannelHandlerMask$2::<init> (20 bytes)
Event: 1.446 Thread 0x00007f822280b000 nmethod 1458 0x00000001055c4c50 code [0x00000001055c4dc0, 0x00000001055c4fb0]
Event: 1.448 Thread 0x00007f821f830000 1460       4       sun.invoke.util.BytecodeDescriptor::unparseSig (75 bytes)

GC Heap History (6 events):
Event: 0.957 GC heap before
{Heap before GC invocations=1 (full 0):
 PSYoungGen      total 76288K, used 65536K [0x00000007b5580000, 0x00000007baa80000, 0x00000007c0000000)
  eden space 65536K, 100% used [0x00000007b5580000,0x00000007b9580000,0x00000007b9580000)
  from space 10752K, 0% used [0x00000007ba000000,0x00000007ba000000,0x00000007baa80000)
  to   space 10752K, 0% used [0x00000007b9580000,0x00000007b9580000,0x00000007ba000000)
 ParOldGen       total 175104K, used 0K [0x00000007a0000000, 0x00000007aab00000, 0x00000007b5580000)
  object space 175104K, 0% used [0x00000007a0000000,0x00000007a0000000,0x00000007aab00000)
 Metaspace       used 15459K, capacity 16494K, committed 16640K, reserved 1062912K
  class space    used 2043K, capacity 2269K, committed 2304K, reserved 1048576K
Event: 0.965 GC heap after
Heap after GC invocations=1 (full 0):
 PSYoungGen      total 76288K, used 9908K [0x00000007b5580000, 0x00000007baa80000, 0x00000007c0000000)
  eden space 65536K, 0% used [0x00000007b5580000,0x00000007b5580000,0x00000007b9580000)
  from space 10752K, 92% used [0x00000007b9580000,0x00000007b9f2d150,0x00000007ba000000)
  to   space 10752K, 0% used [0x00000007ba000000,0x00000007ba000000,0x00000007baa80000)
 ParOldGen       total 175104K, used 16K [0x00000007a0000000, 0x00000007aab00000, 0x00000007b5580000)
  object space 175104K, 0% used [0x00000007a0000000,0x00000007a0004000,0x00000007aab00000)
 Metaspace       used 15459K, capacity 16494K, committed 16640K, reserved 1062912K
  class space    used 2043K, capacity 2269K, committed 2304K, reserved 1048576K
}
Event: 1.258 GC heap before
{Heap before GC invocations=2 (full 0):
 PSYoungGen      total 76288K, used 37529K [0x00000007b5580000, 0x00000007baa80000, 0x00000007c0000000)
  eden space 65536K, 42% used [0x00000007b5580000,0x00000007b7079698,0x00000007b9580000)
  from space 10752K, 92% used [0x00000007b9580000,0x00000007b9f2d150,0x00000007ba000000)
  to   space 10752K, 0% used [0x00000007ba000000,0x00000007ba000000,0x00000007baa80000)
 ParOldGen       total 175104K, used 16K [0x00000007a0000000, 0x00000007aab00000, 0x00000007b5580000)
  object space 175104K, 0% used [0x00000007a0000000,0x00000007a0004000,0x00000007aab00000)
 Metaspace       used 20002K, capacity 21200K, committed 21296K, reserved 1067008K
  class space    used 2627K, capacity 2890K, committed 2944K, reserved 1048576K
Event: 1.264 GC heap after
Heap after GC invocations=2 (full 0):
 PSYoungGen      total 76288K, used 7809K [0x00000007b5580000, 0x00000007bea80000, 0x00000007c0000000)
  eden space 65536K, 0% used [0x00000007b5580000,0x00000007b5580000,0x00000007b9580000)
  from space 10752K, 72% used [0x00000007ba000000,0x00000007ba7a0688,0x00000007baa80000)
  to   space 10752K, 0% used [0x00000007b9580000,0x00000007b9580000,0x00000007ba000000)
 ParOldGen       total 175104K, used 24K [0x00000007a0000000, 0x00000007aab00000, 0x00000007b5580000)
  object space 175104K, 0% used [0x00000007a0000000,0x00000007a0006000,0x00000007aab00000)
 Metaspace       used 20002K, capacity 21200K, committed 21296K, reserved 1067008K
  class space    used 2627K, capacity 2890K, committed 2944K, reserved 1048576K
}
Event: 1.264 GC heap before
{Heap before GC invocations=3 (full 1):
 PSYoungGen      total 76288K, used 7809K [0x00000007b5580000, 0x00000007bea80000, 0x00000007c0000000)
  eden space 65536K, 0% used [0x00000007b5580000,0x00000007b5580000,0x00000007b9580000)
  from space 10752K, 72% used [0x00000007ba000000,0x00000007ba7a0688,0x00000007baa80000)
  to   space 10752K, 0% used [0x00000007b9580000,0x00000007b9580000,0x00000007ba000000)
 ParOldGen       total 175104K, used 24K [0x00000007a0000000, 0x00000007aab00000, 0x00000007b5580000)
  object space 175104K, 0% used [0x00000007a0000000,0x00000007a0006000,0x00000007aab00000)
 Metaspace       used 20002K, capacity 21200K, committed 21296K, reserved 1067008K
  class space    used 2627K, capacity 2890K, committed 2944K, reserved 1048576K
Event: 1.284 GC heap after
Heap after GC invocations=3 (full 1):
 PSYoungGen      total 76288K, used 0K [0x00000007b5580000, 0x00000007bea80000, 0x00000007c0000000)
  eden space 65536K, 0% used [0x00000007b5580000,0x00000007b5580000,0x00000007b9580000)
  from space 10752K, 0% used [0x00000007ba000000,0x00000007ba000000,0x00000007baa80000)
  to   space 10752K, 0% used [0x00000007b9580000,0x00000007b9580000,0x00000007ba000000)
 ParOldGen       total 107520K, used 7466K [0x00000007a0000000, 0x00000007a6900000, 0x00000007b5580000)
  object space 107520K, 6% used [0x00000007a0000000,0x00000007a074ab98,0x00000007a6900000)
 Metaspace       used 20002K, capacity 21200K, committed 21296K, reserved 1067008K
  class space    used 2627K, capacity 2890K, committed 2944K, reserved 1048576K
}

Deoptimization events (10 events):
Event: 0.699 Thread 0x00007f821d9c5800 Uncommon trap: reason=unstable_if action=reinterpret pc=0x0000000105362cd0 method=java.io.UnixFileSystem.normalize(Ljava/lang/String;)Ljava/lang/String; @ 34
Event: 0.826 Thread 0x00007f821d9c5800 Uncommon trap: reason=unstable_if action=reinterpret pc=0x00000001054c608c method=java.net.URI.match(CJJ)Z @ 45
Event: 0.866 Thread 0x00007f821d9c5800 Uncommon trap: reason=unstable_if action=reinterpret pc=0x00000001052cf2e0 method=java.lang.CharacterData.of(I)Ljava/lang/CharacterData; @ 4
Event: 0.870 Thread 0x00007f821d9c5800 Uncommon trap: reason=unstable_if action=reinterpret pc=0x00000001054b0c80 method=sun.net.www.ParseUtil.encodePath(Ljava/lang/String;Z)Ljava/lang/String; @ 109
Event: 0.966 Thread 0x00007f821fa64800 Uncommon trap: reason=class_check action=maybe_recompile pc=0x00000001054d9034 method=java.util.concurrent.ConcurrentHashMap.putVal(Ljava/lang/Object;Ljava/lang/Object;Z)Ljava/lang/Object; @ 192
Event: 0.967 Thread 0x00007f821fa64800 Uncommon trap: reason=class_check action=maybe_recompile pc=0x00000001054d9034 method=java.util.concurrent.ConcurrentHashMap.putVal(Ljava/lang/Object;Ljava/lang/Object;Z)Ljava/lang/Object; @ 192
Event: 0.970 Thread 0x00007f821fa64800 Uncommon trap: reason=unstable_if action=reinterpret pc=0x00000001054eb234 method=java.lang.ref.ReferenceQueue.poll()Ljava/lang/ref/Reference; @ 4
Event: 1.175 Thread 0x00007f821d0ec000 Uncommon trap: reason=unstable_if action=reinterpret pc=0x000000010554e684 method=sun.misc.MetaIndex.mayContain(Ljava/lang/String;)Z @ 38
Event: 1.182 Thread 0x00007f821d0ec000 Uncommon trap: reason=unstable_if action=reinterpret pc=0x000000010540d160 method=java.lang.CharacterDataLatin1.isWhitespace(I)Z @ 14
Event: 1.301 Thread 0x00007f821d0ec000 Uncommon trap: reason=unstable_if action=reinterpret pc=0x000000010541ac10 method=jdk.internal.org.objectweb.asm.Type.getArgumentsAndReturnSizes(Ljava/lang/String;)I @ 47

Classes redefined (0 events):
No events

Internal exceptions (10 events):
Event: 0.967 Thread 0x00007f821fa64800 Exception <a 'java/lang/NoSuchMethodError': java.lang.Object.lambda$static$0(Lio/vertx/core/http/HttpServerRequest;)V> (0x00000007b559ce90) thrown at [/private/tmp/openjdkA8-20220228-18546-1kfawkm/jdk8u322-ga/hotspot/src/share/vm/interpreter/linkResolver.
Event: 1.072 Thread 0x00007f821fa9b000 Exception <a 'java/lang/NoSuchMethodError': java.lang.Object.lambda$static$0(Lio/vertx/core/net/SocketAddress;)Z> (0x00000007b63b4168) thrown at [/private/tmp/openjdkA8-20220228-18546-1kfawkm/jdk8u322-ga/hotspot/src/share/vm/interpreter/linkResolver.cpp, 
Event: 1.102 Thread 0x00007f821d9c5800 Exception <a 'java/lang/NoSuchMethodError': java.lang.Object.lambda$identity$2(Ljava/lang/Object;)Ljava/lang/Object;> (0x00000007b64fd050) thrown at [/private/tmp/openjdkA8-20220228-18546-1kfawkm/jdk8u322-ga/hotspot/src/share/vm/interpreter/linkResolver.c
Event: 1.133 Thread 0x00007f821d9c5800 Exception <a 'java/lang/NoSuchMethodError': java.lang.Object.failedFuture(Ljava/lang/Throwable;)Lio/vertx/core/Future;> (0x00000007b67f1d70) thrown at [/private/tmp/openjdkA8-20220228-18546-1kfawkm/jdk8u322-ga/hotspot/src/share/vm/interpreter/linkResolver
Event: 1.299 Thread 0x00007f821d0ec000 Exception <a 'java/lang/NoSuchMethodError': java.lang.Object.lambda$static$0(Ljava/lang/Void;)V> (0x00000007b56c8fc8) thrown at [/private/tmp/openjdkA8-20220228-18546-1kfawkm/jdk8u322-ga/hotspot/src/share/vm/interpreter/linkResolver.cpp, line 620]
Event: 1.300 Thread 0x00007f821d0ec000 Exception <a 'java/lang/NoSuchMethodError': java.lang.Object.lambda$static$1(Ljava/lang/Long;)V> (0x00000007b56cb890) thrown at [/private/tmp/openjdkA8-20220228-18546-1kfawkm/jdk8u322-ga/hotspot/src/share/vm/interpreter/linkResolver.cpp, line 620]
Event: 1.369 Thread 0x00007f821fa64800 Exception <a 'java/lang/IncompatibleClassChangeError': Found class java.lang.Object, but interface was expected> (0x00000007b5f288a0) thrown at [/private/tmp/openjdkA8-20220228-18546-1kfawkm/jdk8u322-ga/hotspot/src/share/vm/interpreter/linkResolver.cpp, l
Event: 1.369 Thread 0x00007f821fa64800 Exception <a 'java/lang/NoSuchMethodError': java.lang.Object.lambda$comparingInt$7b0bb60$1(Ljava/util/function/ToIntFunction;Ljava/lang/Object;Ljava/lang/Object;)I> (0x00000007b5f2bb18) thrown at [/private/tmp/openjdkA8-20220228-18546-1kfawkm/jdk8u322-ga/
Event: 1.372 Thread 0x00007f821fa64800 Exception <a 'java/lang/NoClassDefFoundError': com/fasterxml/jackson/databind/Module> (0x00000007b5f739b0) thrown at [/private/tmp/openjdkA8-20220228-18546-1kfawkm/jdk8u322-ga/hotspot/src/share/vm/classfile/systemDictionary.cpp, line 206]
Event: 1.419 Thread 0x00007f821d9c5800 Exception <a 'java/lang/IncompatibleClassChangeError': Found class java.lang.Object, but interface was expected> (0x00000007b64635c0) thrown at [/private/tmp/openjdkA8-20220228-18546-1kfawkm/jdk8u322-ga/hotspot/src/share/vm/interpreter/linkResolver.cpp, l

Events (10 events):
Event: 1.449 loading class io/netty/channel/ChannelHandlerContext
Event: 1.449 loading class io/netty/channel/ChannelHandlerContext done
Event: 1.449 loading class io/vertx/pgclient/impl/codec/NoticeResponse
Event: 1.449 loading class io/vertx/pgclient/impl/codec/NoticeResponse done
Event: 1.449 loading class io/netty/channel/ChannelHandlerContext
Event: 1.449 loading class io/netty/channel/ChannelHandlerContext done
Event: 1.449 loading class io/vertx/pgclient/impl/codec/StartupMessage
Event: 1.449 loading class io/vertx/pgclient/impl/codec/StartupMessage done
Event: 1.450 loading class io/vertx/pgclient/impl/util/Util
Event: 1.450 loading class io/vertx/pgclient/impl/util/Util done


Dynamic libraries:
0x00007ff828118000 	/System/Library/Frameworks/Cocoa.framework/Versions/A/Cocoa
0x00007ff813d81000 	/System/Library/Frameworks/AppKit.framework/Versions/C/AppKit
0x00007ff817294000 	/System/Library/Frameworks/CoreData.framework/Versions/A/CoreData
0x00007ff812185000 	/System/Library/Frameworks/Foundation.framework/Versions/C/Foundation
0x00007ff81c0ad000 	/usr/lib/libSystem.B.dylib
0x00007ff814c10000 	/System/Library/PrivateFrameworks/UIFoundation.framework/Versions/A/UIFoundation
0x00007ff82201c000 	/System/Library/PrivateFrameworks/RemoteViewServices.framework/Versions/A/RemoteViewServices
0x00007ff81a302000 	/System/Library/PrivateFrameworks/XCTTargetBootstrap.framework/Versions/A/XCTTargetBootstrap
0x00007ff81deb4000 	/System/Library/PrivateFrameworks/InternationalSupport.framework/Versions/A/InternationalSupport
0x00007ff81df3e000 	/System/Library/PrivateFrameworks/UserActivity.framework/Versions/A/UserActivity
0x00007ff81d294000 	/usr/lib/libspindump.dylib
0x00007ff814e9e000 	/System/Library/Frameworks/UniformTypeIdentifiers.framework/Versions/A/UniformTypeIdentifiers
0x00007ff818a2a000 	/usr/lib/libapp_launch_measurement.dylib
0x00007ff817c65000 	/System/Library/PrivateFrameworks/CoreAnalytics.framework/Versions/A/CoreAnalytics
0x00007ff818a2d000 	/System/Library/PrivateFrameworks/CoreAutoLayout.framework/Versions/A/CoreAutoLayout
0x00007ff819c5c000 	/System/Library/Frameworks/Metal.framework/Versions/A/Metal
0x00007ff81a987000 	/usr/lib/liblangid.dylib
0x00007ff81a307000 	/System/Library/PrivateFrameworks/CoreSVG.framework/Versions/A/CoreSVG
0x00007ff816289000 	/System/Library/PrivateFrameworks/SkyLight.framework/Versions/A/SkyLight
0x00007ff816627000 	/System/Library/Frameworks/CoreGraphics.framework/Versions/A/CoreGraphics
0x00007ff8226dc000 	/System/Library/Frameworks/Accelerate.framework/Versions/A/Accelerate
0x00007ff81cd13000 	/System/Library/PrivateFrameworks/IconServices.framework/Versions/A/IconServices
0x00007ff819c41000 	/System/Library/Frameworks/IOSurface.framework/Versions/A/IOSurface
0x00007ff817c93000 	/usr/lib/libDiagnosticMessagesClient.dylib
0x00007ff81bfcd000 	/usr/lib/libz.1.dylib
0x00007ff825dbc000 	/System/Library/Frameworks/ApplicationServices.framework/Versions/A/ApplicationServices
0x00007ff81a2ee000 	/System/Library/PrivateFrameworks/DFRFoundation.framework/Versions/A/DFRFoundation
0x00007ff813669000 	/usr/lib/libicucore.A.dylib
0x00007ff81eca9000 	/System/Library/Frameworks/AudioToolbox.framework/Versions/A/AudioToolbox
0x00007ff81dec0000 	/System/Library/PrivateFrameworks/DataDetectorsCore.framework/Versions/A/DataDetectorsCore
0x00007ff91a3a7000 	/System/Library/PrivateFrameworks/TextInput.framework/Versions/A/TextInput
0x00007ff81620c000 	/usr/lib/libMobileGestalt.dylib
0x00007ff819ffa000 	/System/Library/Frameworks/Carbon.framework/Versions/A/Frameworks/HIToolbox.framework/Versions/A/HIToolbox
0x00007ff818430000 	/System/Library/Frameworks/QuartzCore.framework/Versions/A/QuartzCore
0x00007ff81330e000 	/System/Library/Frameworks/Security.framework/Versions/A/Security
0x00007ff822054000 	/System/Library/Frameworks/Carbon.framework/Versions/A/Frameworks/SpeechRecognition.framework/Versions/A/SpeechRecognition
0x00007ff81878a000 	/System/Library/PrivateFrameworks/CoreUI.framework/Versions/A/CoreUI
0x00007ff812bd9000 	/System/Library/Frameworks/CoreAudio.framework/Versions/A/CoreAudio
0x00007ff817d82000 	/System/Library/Frameworks/DiskArbitration.framework/Versions/A/DiskArbitration
0x00007ff81d682000 	/System/Library/PrivateFrameworks/MultitouchSupport.framework/Versions/A/MultitouchSupport
0x00007ff81620b000 	/usr/lib/libenergytrace.dylib
0x00007ff813c6d000 	/System/Library/Frameworks/IOKit.framework/Versions/A/IOKit
0x00007ff822444000 	/System/Library/Frameworks/CoreServices.framework/Versions/A/CoreServices
0x00007ff8189c4000 	/System/Library/PrivateFrameworks/PerformanceAnalysis.framework/Versions/A/PerformanceAnalysis
0x00007ffa2a08c000 	/System/Library/Frameworks/OpenGL.framework/Versions/A/OpenGL
0x00007ff81b5e9000 	/System/Library/PrivateFrameworks/MobileKeyBag.framework/Versions/A/MobileKeyBag
0x00007ff811149000 	/usr/lib/libobjc.A.dylib
0x00007ff816cf3000 	/System/Library/Frameworks/ColorSync.framework/Versions/A/ColorSync
0x00007ff811303000 	/System/Library/Frameworks/CoreFoundation.framework/Versions/A/CoreFoundation
0x00007ff81a57d000 	/System/Library/Frameworks/CoreImage.framework/Versions/A/CoreImage
0x00007ff8129ed000 	/System/Library/Frameworks/CoreText.framework/Versions/A/CoreText
0x00007ff81a337000 	/System/Library/Frameworks/ImageIO.framework/Versions/A/ImageIO
0x00007ff81c0b3000 	/System/Library/PrivateFrameworks/SoftLinking.framework/Versions/A/SoftLinking
0x00007ff818a75000 	/usr/lib/libxml2.2.dylib
0x00007ff81120f000 	/usr/lib/libc++.1.dylib
0x00007ff81c337000 	/usr/lib/libcompression.dylib
0x00007ff81dde7000 	/System/Library/PrivateFrameworks/TextureIO.framework/Versions/A/TextureIO
0x00007ff81ca25000 	/usr/lib/libate.dylib
0x00007ff81c0a8000 	/usr/lib/system/libcache.dylib
0x00007ff81c064000 	/usr/lib/system/libcommonCrypto.dylib
0x00007ff81c08d000 	/usr/lib/system/libcompiler_rt.dylib
0x00007ff81c083000 	/usr/lib/system/libcopyfile.dylib
0x00007ff811044000 	/usr/lib/system/libcorecrypto.dylib
0x00007ff811102000 	/usr/lib/system/libdispatch.dylib
0x00007ff8112c2000 	/usr/lib/system/libdyld.dylib
0x00007ff81c09f000 	/usr/lib/system/libkeymgr.dylib
0x00007ff81c042000 	/usr/lib/system/libmacho.dylib
0x00007ff81b6c3000 	/usr/lib/system/libquarantine.dylib
0x00007ff81c09d000 	/usr/lib/system/libremovefile.dylib
0x00007ff816259000 	/usr/lib/system/libsystem_asl.dylib
0x00007ff810fed000 	/usr/lib/system/libsystem_blocks.dylib
0x00007ff811186000 	/usr/lib/system/libsystem_c.dylib
0x00007ff81c095000 	/usr/lib/system/libsystem_collections.dylib
0x00007ff81a977000 	/usr/lib/system/libsystem_configuration.dylib
0x00007ff819c24000 	/usr/lib/system/libsystem_containermanager.dylib
0x00007ff81bd7a000 	/usr/lib/system/libsystem_coreservices.dylib
0x00007ff8138fd000 	/usr/lib/system/libsystem_darwin.dylib
0x00007ff81c0a0000 	/usr/lib/system/libsystem_dnssd.dylib
0x00007ff811183000 	/usr/lib/system/libsystem_featureflags.dylib
0x00007ff8112d8000 	/usr/lib/system/libsystem_info.dylib
0x00007ff81bfe0000 	/usr/lib/system/libsystem_m.dylib
0x00007ff8110d6000 	/usr/lib/system/libsystem_malloc.dylib
0x00007ff8161f4000 	/usr/lib/system/libsystem_networkextension.dylib
0x00007ff813d23000 	/usr/lib/system/libsystem_notify.dylib
0x00007ff822319000 	/usr/lib/system/libsystem_product_info_filter.dylib
0x00007ff81a97b000 	/usr/lib/system/libsystem_sandbox.dylib
0x00007ff81c09a000 	/usr/lib/system/libsystem_secinit.dylib
0x00007ff81127e000 	/usr/lib/system/libsystem_kernel.dylib
0x00007ff8112ce000 	/usr/lib/system/libsystem_platform.dylib
0x00007ff8112b6000 	/usr/lib/system/libsystem_pthread.dylib
0x00007ff817aa5000 	/usr/lib/system/libsystem_symptoms.dylib
0x00007ff81102b000 	/usr/lib/system/libsystem_trace.dylib
0x00007ff81c070000 	/usr/lib/system/libunwind.dylib
0x00007ff810fef000 	/usr/lib/system/libxpc.dylib
0x00007ff811268000 	/usr/lib/libc++abi.dylib
0x00007ff81c07b000 	/usr/lib/liboah.dylib
0x00007ff81c801000 	/usr/lib/liblzma.5.dylib
0x00007ff811e94000 	/System/Library/Frameworks/SystemConfiguration.framework/Versions/A/SystemConfiguration
0x00007ff81c0af000 	/usr/lib/libfakelink.dylib
0x00007ff815d65000 	/System/Library/Frameworks/CFNetwork.framework/Versions/A/CFNetwork
0x00007ff81c1f0000 	/usr/lib/libarchive.2.dylib
0x00007ff81a983000 	/System/Library/PrivateFrameworks/AppleSystemInfo.framework/Versions/A/AppleSystemInfo
0x00007ff81b6ea000 	/usr/lib/libbsm.0.dylib
0x00007ff815374000 	/usr/lib/libnetwork.dylib
0x00007ff81c048000 	/usr/lib/system/libkxld.dylib
0x00007ff81b31d000 	/System/Library/PrivateFrameworks/IOMobileFramebuffer.framework/Versions/A/IOMobileFramebuffer
0x00007ffb29460000 	/usr/lib/libCoreEntitlements.dylib
0x00007ff81bd5c000 	/System/Library/PrivateFrameworks/AppleFSCompression.framework/Versions/A/AppleFSCompression
0x00007ff81b6d2000 	/usr/lib/libcoretls.dylib
0x00007ff81c81b000 	/usr/lib/libcoretls_cfhelpers.dylib
0x00007ff81c332000 	/usr/lib/libpam.2.dylib
0x00007ff8176c5000 	/usr/lib/libsqlite3.dylib
0x00007ff81c88a000 	/usr/lib/libxar.1.dylib
0x00007ff81bd6c000 	/usr/lib/libbz2.1.0.dylib
0x00007ff81c0b4000 	/usr/lib/libpcap.A.dylib
0x00007ff817a9d000 	/usr/lib/libdns_services.dylib
0x00007ff81c302000 	/usr/lib/libapple_nghttp2.dylib
0x00007ff81c0ee000 	/usr/lib/libiconv.2.dylib
0x00007ff81c041000 	/usr/lib/libcharset.1.dylib
0x00007ff8189f8000 	/System/Library/Frameworks/CoreServices.framework/Versions/A/Frameworks/FSEvents.framework/Versions/A/FSEvents
0x00007ff813907000 	/System/Library/Frameworks/CoreServices.framework/Versions/A/Frameworks/CarbonCore.framework/Versions/A/CarbonCore
0x00007ff817ce6000 	/System/Library/Frameworks/CoreServices.framework/Versions/A/Frameworks/Metadata.framework/Versions/A/Metadata
0x00007ff81bd7f000 	/System/Library/Frameworks/CoreServices.framework/Versions/A/Frameworks/OSServices.framework/Versions/A/OSServices
0x00007ff81c277000 	/System/Library/Frameworks/CoreServices.framework/Versions/A/Frameworks/SearchKit.framework/Versions/A/SearchKit
0x00007ff817a30000 	/System/Library/Frameworks/CoreServices.framework/Versions/A/Frameworks/AE.framework/Versions/A/AE
0x00007ff811806000 	/System/Library/Frameworks/CoreServices.framework/Versions/A/Frameworks/LaunchServices.framework/Versions/A/LaunchServices
0x00007ff81c7b2000 	/System/Library/Frameworks/CoreServices.framework/Versions/A/Frameworks/DictionaryServices.framework/Versions/A/DictionaryServices
0x00007ff818a05000 	/System/Library/Frameworks/CoreServices.framework/Versions/A/Frameworks/SharedFileList.framework/Versions/A/SharedFileList
0x00007ff81b6c6000 	/usr/lib/libCheckFix.dylib
0x00007ff816270000 	/System/Library/PrivateFrameworks/TCC.framework/Versions/A/TCC
0x00007ff81a989000 	/System/Library/PrivateFrameworks/CoreNLP.framework/Versions/A/CoreNLP
0x00007ff817c96000 	/System/Library/PrivateFrameworks/MetadataUtilities.framework/Versions/A/MetadataUtilities
0x00007ff811f48000 	/usr/lib/libmecabra.dylib
0x00007ff81b6fa000 	/usr/lib/libmecab.dylib
0x00007ff811f13000 	/usr/lib/libCRFSuite.dylib
0x00007ff81b754000 	/usr/lib/libgermantok.dylib
0x00007ff81c2dd000 	/usr/lib/libThaiTokenizer.dylib
0x00007ff817d89000 	/System/Library/Frameworks/Accelerate.framework/Versions/A/Frameworks/vImage.framework/Versions/A/vImage
0x00007ff82241b000 	/System/Library/Frameworks/Accelerate.framework/Versions/A/Frameworks/vecLib.framework/Versions/A/vecLib
0x00007ff81c8cb000 	/System/Library/Frameworks/Accelerate.framework/Versions/A/Frameworks/vecLib.framework/Versions/A/libvMisc.dylib
0x00007ff81b148000 	/System/Library/Frameworks/Accelerate.framework/Versions/A/Frameworks/vecLib.framework/Versions/A/libvDSP.dylib
0x00007ff811b84000 	/System/Library/Frameworks/Accelerate.framework/Versions/A/Frameworks/vecLib.framework/Versions/A/libBLAS.dylib
0x00007ff81c414000 	/System/Library/Frameworks/Accelerate.framework/Versions/A/Frameworks/vecLib.framework/Versions/A/libLAPACK.dylib
0x00007ff81b757000 	/System/Library/Frameworks/Accelerate.framework/Versions/A/Frameworks/vecLib.framework/Versions/A/libLinearAlgebra.dylib
0x00007ff81c31a000 	/System/Library/Frameworks/Accelerate.framework/Versions/A/Frameworks/vecLib.framework/Versions/A/libSparseBLAS.dylib
0x00007ff81c40e000 	/System/Library/Frameworks/Accelerate.framework/Versions/A/Frameworks/vecLib.framework/Versions/A/libQuadrature.dylib
0x00007ff81aa74000 	/System/Library/Frameworks/Accelerate.framework/Versions/A/Frameworks/vecLib.framework/Versions/A/libBNNS.dylib
0x00007ff811e1e000 	/System/Library/Frameworks/Accelerate.framework/Versions/A/Frameworks/vecLib.framework/Versions/A/libSparse.dylib
0x00007ff81aa6d000 	/System/Library/PrivateFrameworks/LinguisticData.framework/Versions/A/LinguisticData
0x00007ff811dd4000 	/System/Library/PrivateFrameworks/Lexicon.framework/Versions/A/Lexicon
0x00007ff81c8c4000 	/usr/lib/libChineseTokenizer.dylib
0x00007ff812542000 	/System/Library/PrivateFrameworks/LanguageModeling.framework/Versions/A/LanguageModeling
0x00007ff81c2df000 	/System/Library/PrivateFrameworks/AppleSauce.framework/Versions/A/AppleSauce
0x00007ff81b30b000 	/System/Library/PrivateFrameworks/CoreEmoji.framework/Versions/A/CoreEmoji
0x00007ff81c1df000 	/usr/lib/libcmph.dylib
0x00007ff8189dc000 	/System/Library/Frameworks/OpenDirectory.framework/Versions/A/Frameworks/CFOpenDirectory.framework/Versions/A/CFOpenDirectory
0x00007ff8189d0000 	/System/Library/Frameworks/OpenDirectory.framework/Versions/A/OpenDirectory
0x00007ff81c81d000 	/System/Library/PrivateFrameworks/APFS.framework/Versions/A/APFS
0x00007ff81b621000 	/System/Library/Frameworks/SecurityFoundation.framework/Versions/A/SecurityFoundation
0x00007ff81c898000 	/usr/lib/libutil.dylib
0x00007ff813c31000 	/System/Library/PrivateFrameworks/CoreServicesStore.framework/Versions/A/CoreServicesStore
0x00007ff81c89c000 	/usr/lib/libxslt.1.dylib
0x00007ff81b6ae000 	/System/Library/PrivateFrameworks/BackgroundTaskManagement.framework/Versions/A/BackgroundTaskManagement
0x00007ff81dd07000 	/System/Library/Frameworks/ImageIO.framework/Versions/A/Resources/libRadiance.dylib
0x00007ff81dd10000 	/System/Library/Frameworks/ImageIO.framework/Versions/A/Resources/libJPEG.dylib
0x00007ff81dc61000 	/System/Library/Frameworks/ImageIO.framework/Versions/A/Resources/libPng.dylib
0x00007ff81dc82000 	/System/Library/Frameworks/ImageIO.framework/Versions/A/Resources/libTIFF.dylib
0x00007ff81dd70000 	/System/Library/Frameworks/ImageIO.framework/Versions/A/Resources/libGIF.dylib
0x00007ff81d59c000 	/System/Library/Frameworks/ImageIO.framework/Versions/A/Resources/libJP2.dylib
0x00007ff81ccda000 	/usr/lib/libexpat.1.dylib
0x00007ff81d551000 	/System/Library/PrivateFrameworks/AppleJPEG.framework/Versions/A/AppleJPEG
0x00007ff819ebe000 	/System/Library/PrivateFrameworks/FontServices.framework/libFontParser.dylib
0x00007ff8179da000 	/System/Library/PrivateFrameworks/RunningBoardServices.framework/Versions/A/RunningBoardServices
0x00007ff8286d3000 	/System/Library/PrivateFrameworks/IOSurfaceAccelerator.framework/Versions/A/IOSurfaceAccelerator
0x00007ff81d67e000 	/System/Library/PrivateFrameworks/WatchdogClient.framework/Versions/A/WatchdogClient
0x00007ff812630000 	/System/Library/Frameworks/CoreDisplay.framework/Versions/A/CoreDisplay
0x00007ff819dbc000 	/System/Library/Frameworks/CoreMedia.framework/Versions/A/CoreMedia
0x00007ff819c53000 	/System/Library/PrivateFrameworks/IOAccelerator.framework/Versions/A/IOAccelerator
0x00007ff818b59000 	/System/Library/Frameworks/CoreVideo.framework/Versions/A/CoreVideo
0x00007ff81c330000 	/System/Library/Frameworks/MetalPerformanceShaders.framework/Versions/A/MetalPerformanceShaders
0x00007ff81d6bb000 	/System/Library/Frameworks/VideoToolbox.framework/Versions/A/VideoToolbox
0x00007ff817924000 	/System/Library/PrivateFrameworks/BaseBoard.framework/Versions/A/BaseBoard
0x00007ff8176ab000 	/System/Library/PrivateFrameworks/ProtocolBuffer.framework/Versions/A/ProtocolBuffer
0x00007ff81dd00000 	/System/Library/PrivateFrameworks/GPUWrangler.framework/Versions/A/GPUWrangler
0x00007ff81dce4000 	/System/Library/PrivateFrameworks/IOPresentment.framework/Versions/A/IOPresentment
0x00007ff81dd0a000 	/System/Library/PrivateFrameworks/DSExternalDisplay.framework/Versions/A/DSExternalDisplay
0x00007ffa2a080000 	/System/Library/Frameworks/OpenGL.framework/Versions/A/Libraries/libCoreFSCache.dylib
0x00007ffb16b84000 	/System/Library/PrivateFrameworks/GPUCompiler.framework/Versions/31001/Libraries/libGPUCompilerUtils.dylib
0x00007ff81dd75000 	/System/Library/PrivateFrameworks/CMCaptureCore.framework/Versions/A/CMCaptureCore
0x00007ff81d282000 	/System/Library/PrivateFrameworks/AppServerSupport.framework/Versions/A/AppServerSupport
0x00007ff81f541000 	/System/Library/PrivateFrameworks/perfdata.framework/Versions/A/perfdata
0x00007ff81275c000 	/System/Library/PrivateFrameworks/AudioToolboxCore.framework/Versions/A/AudioToolboxCore
0x00007ff819d9a000 	/System/Library/PrivateFrameworks/caulk.framework/Versions/A/caulk
0x00007ff81ee53000 	/usr/lib/libAudioStatistics.dylib
0x00007ff916b4a000 	/System/Library/PrivateFrameworks/SystemPolicy.framework/Versions/A/SystemPolicy
0x00007ff81f0ae000 	/usr/lib/libSMC.dylib
0x00007ff827fcb000 	/System/Library/Frameworks/CoreMIDI.framework/Versions/A/CoreMIDI
0x00007ff81dc30000 	/usr/lib/libAudioToolboxUtility.dylib
0x00007ff912d7f000 	/System/Library/PrivateFrameworks/OSAServicesClient.framework/Versions/A/OSAServicesClient
0x00007ff81f54e000 	/usr/lib/libperfcheck.dylib
0x00007ff9175f4000 	/usr/lib/libmis.dylib
0x00007ffa2a0db000 	/System/Library/Frameworks/OpenGL.framework/Versions/A/Libraries/libGLU.dylib
0x00007ffa2a09f000 	/System/Library/Frameworks/OpenGL.framework/Versions/A/Libraries/libGFXShared.dylib
0x00007ffa2a2a8000 	/System/Library/Frameworks/OpenGL.framework/Versions/A/Libraries/libGL.dylib
0x00007ffa2a0a8000 	/System/Library/Frameworks/OpenGL.framework/Versions/A/Libraries/libGLImage.dylib
0x00007ffa2a09c000 	/System/Library/Frameworks/OpenGL.framework/Versions/A/Libraries/libCVMSPluginSupport.dylib
0x00007ffa2a087000 	/System/Library/Frameworks/OpenGL.framework/Versions/A/Libraries/libCoreVMClient.dylib
0x00007ff81a905000 	/System/Library/Frameworks/MetalPerformanceShaders.framework/Versions/A/Frameworks/MPSCore.framework/Versions/A/MPSCore
0x00007ff81bcc7000 	/System/Library/Frameworks/MetalPerformanceShaders.framework/Versions/A/Frameworks/MPSImage.framework/Versions/A/MPSImage
0x00007ff81b76d000 	/System/Library/Frameworks/MetalPerformanceShaders.framework/Versions/A/Frameworks/MPSNeuralNetwork.framework/Versions/A/MPSNeuralNetwork
0x00007ff81bbe1000 	/System/Library/Frameworks/MetalPerformanceShaders.framework/Versions/A/Frameworks/MPSMatrix.framework/Versions/A/MPSMatrix
0x00007ff81b99c000 	/System/Library/Frameworks/MetalPerformanceShaders.framework/Versions/A/Frameworks/MPSRayIntersector.framework/Versions/A/MPSRayIntersector
0x00007ff81bc19000 	/System/Library/Frameworks/MetalPerformanceShaders.framework/Versions/A/Frameworks/MPSNDArray.framework/Versions/A/MPSNDArray
0x00007ffa2f2a2000 	/System/Library/Frameworks/MetalPerformanceShaders.framework/Versions/A/Frameworks/MPSFunctions.framework/Versions/A/MPSFunctions
0x00007ff811a5d000 	/System/Library/PrivateFrameworks/MetalTools.framework/Versions/A/MetalTools
0x00007ff81a981000 	/System/Library/PrivateFrameworks/AggregateDictionary.framework/Versions/A/AggregateDictionary
0x00007ff81cabc000 	/usr/lib/libIOReport.dylib
0x00007ffa2b6b7000 	/System/Library/Frameworks/OpenCL.framework/Versions/A/OpenCL
0x00007ff81ce20000 	/System/Library/PrivateFrameworks/FaceCore.framework/Versions/A/FaceCore
0x00007ff81ce11000 	/System/Library/PrivateFrameworks/GraphVisualizer.framework/Versions/A/GraphVisualizer
0x00007ffb16a8f000 	/System/Library/PrivateFrameworks/FontServices.framework/Versions/A/FontServices
0x00007ff81d23a000 	/System/Library/PrivateFrameworks/OTSVG.framework/Versions/A/OTSVG
0x00007ff818740000 	/System/Library/Frameworks/ApplicationServices.framework/Versions/A/Frameworks/ATS.framework/Versions/A/Resources/libFontRegistry.dylib
0x00007ff81d28a000 	/System/Library/PrivateFrameworks/FontServices.framework/libhvf.dylib
0x00007ffb16a90000 	/System/Library/PrivateFrameworks/FontServices.framework/libXTFontStaticRegistryData.dylib
0x00007ff81cc8a000 	/System/Library/PrivateFrameworks/AppleVA.framework/Versions/A/AppleVA
0x00007ff81ee73000 	/System/Library/Frameworks/ApplicationServices.framework/Versions/A/Frameworks/ATS.framework/Versions/A/ATS
0x00007ff816df1000 	/System/Library/Frameworks/ApplicationServices.framework/Versions/A/Frameworks/HIServices.framework/Versions/A/HIServices
0x00007ff81dd7f000 	/System/Library/Frameworks/ApplicationServices.framework/Versions/A/Frameworks/PrintCore.framework/Versions/A/PrintCore
0x00007ff81f201000 	/System/Library/Frameworks/ApplicationServices.framework/Versions/A/Frameworks/QD.framework/Versions/A/QD
0x00007ff81f1f9000 	/System/Library/Frameworks/ApplicationServices.framework/Versions/A/Frameworks/ColorSyncLegacy.framework/Versions/A/ColorSyncLegacy
0x00007ff81ee63000 	/System/Library/Frameworks/ApplicationServices.framework/Versions/A/Frameworks/SpeechSynthesis.framework/Versions/A/SpeechSynthesis
0x00007ff81dd40000 	/System/Library/Frameworks/ApplicationServices.framework/Versions/A/Frameworks/ATSUI.framework/Versions/A/ATSUI
0x00007ff81f18e000 	/usr/lib/libcups.2.dylib
0x00007ff81f55d000 	/System/Library/Frameworks/Kerberos.framework/Versions/A/Kerberos
0x00007ff81f56c000 	/System/Library/Frameworks/GSS.framework/Versions/A/GSS
0x00007ff81eedf000 	/usr/lib/libresolv.9.dylib
0x00007ff81d299000 	/System/Library/PrivateFrameworks/Heimdal.framework/Versions/A/Heimdal
0x00007ff82614e000 	/System/Library/Frameworks/Kerberos.framework/Versions/A/Libraries/libHeimdalProxy.dylib
0x00007ff817aad000 	/System/Library/Frameworks/Network.framework/Versions/A/Network
0x00007ff81ccf4000 	/usr/lib/libheimdal-asn1.dylib
0x00007ff81f5b7000 	/System/Library/PrivateFrameworks/CommonAuth.framework/Versions/A/CommonAuth
0x00007ff81ede5000 	/System/Library/PrivateFrameworks/AudioSession.framework/Versions/A/AudioSession
0x00007ff81cd84000 	/System/Library/PrivateFrameworks/MediaExperience.framework/Versions/A/MediaExperience
0x00007ff81ec78000 	/System/Library/PrivateFrameworks/AudioSession.framework/libSessionUtility.dylib
0x00007ff81f20d000 	/System/Library/PrivateFrameworks/AudioResourceArbitration.framework/Versions/A/AudioResourceArbitration
0x00007ff82328e000 	/System/Library/PrivateFrameworks/PowerLog.framework/Versions/A/PowerLog
0x00007ff81ccfd000 	/System/Library/PrivateFrameworks/IconFoundation.framework/Versions/A/IconFoundation
0x00007ff822044000 	/System/Library/PrivateFrameworks/SpeechRecognitionCore.framework/Versions/A/SpeechRecognitionCore
0x000000010415a000 	/usr/local/Cellar/openjdk@8/1.8.0+322/libexec/openjdk.jdk/Contents/Home/jre/lib/server/libjvm.dylib
0x0000000103825000 	/usr/local/Cellar/openjdk@8/1.8.0+322/libexec/openjdk.jdk/Contents/Home/jre/lib/libverify.dylib
0x0000000103867000 	/usr/local/Cellar/openjdk@8/1.8.0+322/libexec/openjdk.jdk/Contents/Home/jre/lib/libjava.dylib
0x0000000103847000 	/usr/local/Cellar/openjdk@8/1.8.0+322/libexec/openjdk.jdk/Contents/Home/jre/lib/libzip.dylib
0x0000000104137000 	/usr/local/Cellar/openjdk@8/1.8.0+322/libexec/openjdk.jdk/Contents/Home/jre/lib/libnio.dylib
0x0000000104af4000 	/usr/local/Cellar/openjdk@8/1.8.0+322/libexec/openjdk.jdk/Contents/Home/jre/lib/libnet.dylib
0x0000000104ea6000 	/usr/local/Cellar/openjdk@8/1.8.0+322/libexec/openjdk.jdk/Contents/Home/jre/lib/libmanagement.dylib

VM Arguments:
jvm_args: -Djava.security.manager=worker.org.gradle.process.internal.worker.child.BootstrapSecurityManager -Dorg.gradle.native=false -Xmx512m -Dfile.encoding=UTF-8 -Duser.country=BR -Duser.language=en -Duser.variant -ea 
java_command: worker.org.gradle.process.internal.worker.GradleWorkerMain 'Gradle Test Executor 4'
java_class_path (initial): /Users/david/.gradle/caches/6.8/workerMain/gradle-worker.jar
Launcher Type: SUN_STANDARD

Environment Variables:
JAVA_HOME=/usr/local/Cellar/openjdk@8/1.8.0+322/libexec/openjdk.jdk/Contents/Home
PATH=/usr/local/Cellar/pyenv-virtualenv/1.1.5/shims:/Users/david/google-cloud-sdk/bin:/Users/david/.nvm/versions/node/v14.16.1/bin:/usr/local/opt/bzip2/bin:/usr/local/Cellar/pyenv-virtualenv/1.1.5/shims:/Users/david/.pyenv/shims:/usr/local/bin:/Users/david/.pyenv/bin:/usr/local/opt/openjdk@8/bin:/usr/local/bin:/usr/bin:/bin:/usr/sbin:/sbin:/Library/Apple/usr/bin:/Users/david/go/bin:/usr/local/opt/go/libexec/bin:/Users/david/.fzf/bin
SHELL=/bin/zsh

Signal Handlers:
SIGSEGV: [libjvm.dylib+0x56c70b], sa_mask[0]=11111111011111110111111111111111, sa_flags=SA_ONSTACK|SA_RESTART|SA_SIGINFO
SIGBUS: [libjvm.dylib+0x56c70b], sa_mask[0]=11111111011111110111111111111111, sa_flags=SA_RESTART|SA_SIGINFO
SIGFPE: [libjvm.dylib+0x46b4d5], sa_mask[0]=11111111011111110111111111111111, sa_flags=SA_RESTART|SA_SIGINFO
SIGPIPE: [libjvm.dylib+0x46b4d5], sa_mask[0]=11111111011111110111111111111111, sa_flags=SA_RESTART|SA_SIGINFO
SIGXFSZ: [libjvm.dylib+0x46b4d5], sa_mask[0]=11111111011111110111111111111111, sa_flags=SA_RESTART|SA_SIGINFO
SIGILL: [libjvm.dylib+0x46b4d5], sa_mask[0]=11111111011111110111111111111111, sa_flags=SA_RESTART|SA_SIGINFO
SIGUSR1: SIG_DFL, sa_mask[0]=00000000000000000000000000000000, sa_flags=none
SIGUSR2: [libjvm.dylib+0x46bdb4], sa_mask[0]=00100000000000000000000000000000, sa_flags=SA_RESTART|SA_SIGINFO
SIGHUP: [libjvm.dylib+0x469fb1], sa_mask[0]=11111111011111110111111111111111, sa_flags=SA_RESTART|SA_SIGINFO
SIGINT: [libjvm.dylib+0x469fb1], sa_mask[0]=11111111011111110111111111111111, sa_flags=SA_RESTART|SA_SIGINFO
SIGTERM: [libjvm.dylib+0x469fb1], sa_mask[0]=11111111011111110111111111111111, sa_flags=SA_RESTART|SA_SIGINFO
SIGQUIT: [libjvm.dylib+0x469fb1], sa_mask[0]=11111111011111110111111111111111, sa_flags=SA_RESTART|SA_SIGINFO


---------------  S Y S T E M  ---------------

OS:Bsduname:Darwin 21.5.0 Darwin Kernel Version 21.5.0: Tue Apr 26 21:08:22 PDT 2022; root:xnu-8020.121.3~4/RELEASE_X86_64 x86_64
rlimit: STACK 8192k, CORE 0k, NPROC 2784, NOFILE 10240, AS infinity
load average:3.06 3.43 3.06

CPU:total 8 (initial active 8) (4 cores per cpu, 2 threads per core) family 6 model 126 stepping 5, cmov, cx8, fxsr, mmx, sse, sse2, sse3, ssse3, sse4.1, sse4.2, popcnt, avx, avx2, aes, clmul, erms, 3dnowpref, lzcnt, ht, tsc, tscinvbit, bmi1, bmi2, adx

Memory: 4k page, physical 16777216k(621452k free)

/proc/meminfo:


vm_info: OpenJDK 64-Bit Server VM (25.322-b00) for bsd-amd64 JRE (1.8.0_322-bre_2022_02_28_15_01-b00), built on Feb 28 2022 15:07:19 by "brew" with gcc Apple LLVM 13.0.0 (clang-1300.0.29.30)

time: Sun Jun 19 09:20:49 2022
timezone: -03
elapsed time: 1.465490 seconds (0d 0h 0m 1s)

